<?xml version="1.0" encoding="UTF-8"?>
<!-- Generated by org.testng.reporters.JUnitReportReporter -->
<testsuite hostname="LAPTOP-VKAG1RPA" failures="0" tests="31" name="com.extraPOSTest.testCases.TC_UserManagementDDT" time="42.966" errors="0" timestamp="2021-01-12T10:57:31 IST" skipped="0">
  <testcase classname="com.extraPOSTest.testCases.TC_UserManagementDDT" name="LoginMethod_UsrMgmntDDT" time="3.975"/>
  <system-out/>
  <testcase classname="com.extraPOSTest.testCases.TC_UserManagementDDT" name="clickSelectAll" time="7.259"/>
  <system-out/>
  <testcase classname="com.extraPOSTest.testCases.TC_UserManagementDDT" name="addUserManagementDDT" time="0.019"/>
  <system-out/>
  <testcase classname="com.extraPOSTest.testCases.TC_UserManagementDDT" name="addUserManagementDDT" time="0.021"/>
  <system-out/>
  <testcase classname="com.extraPOSTest.testCases.TC_UserManagementDDT" name="addUserManagementDDT" time="0.019"/>
  <system-out/>
  <testcase classname="com.extraPOSTest.testCases.TC_UserManagementDDT" name="addUserManagementDDT" time="0.031"/>
  <system-out/>
  <testcase classname="com.extraPOSTest.testCases.TC_UserManagementDDT" name="printExcel" time="1.128"/>
  <system-out/>
  <testcase classname="com.extraPOSTest.testCases.TC_UserManagementDDT" name="addUserManagementDDT" time="0.021"/>
  <system-out/>
  <testcase classname="com.extraPOSTest.testCases.TC_UserManagementDDT" name="addUserManagementDDT" time="0.024"/>
  <system-out/>
  <testcase classname="com.extraPOSTest.testCases.TC_UserManagementDDT" name="addUserManagementDDT" time="0.019"/>
  <system-out/>
  <testcase classname="com.extraPOSTest.testCases.TC_UserManagementDDT" name="addUserManagementDDT" time="0.021"/>
  <system-out/>
  <testcase classname="com.extraPOSTest.testCases.TC_UserManagementDDT" name="addUserManagementDDT" time="0.024"/>
  <system-out/>
  <testcase classname="com.extraPOSTest.testCases.TC_UserManagementDDT" name="addUserManagementDDT" time="0.022"/>
  <system-out/>
  <testcase classname="com.extraPOSTest.testCases.TC_UserManagementDDT" name="addUserManagementDDT" time="0.022"/>
  <system-out/>
  <testcase classname="com.extraPOSTest.testCases.TC_UserManagementDDT" name="addUserManagementDDT" time="0.021"/>
  <system-out/>
  <testcase classname="com.extraPOSTest.testCases.TC_UserManagementDDT" name="addUserManagementDDT" time="22.688"/>
  <system-out/>
  <testcase classname="com.extraPOSTest.testCases.TC_UserManagementDDT" name="addUserManagementDDT" time="0.060"/>
  <system-out/>
  <testcase classname="com.extraPOSTest.testCases.TC_UserManagementDDT" name="addUserManagementDDT" time="0.020"/>
  <system-out/>
  <testcase classname="com.extraPOSTest.testCases.TC_UserManagementDDT" name="addUserManagementDDT" time="0.023"/>
  <system-out/>
  <testcase classname="com.extraPOSTest.testCases.TC_UserManagementDDT" name="addUserManagementDDT" time="0.020"/>
  <system-out/>
  <testcase classname="com.extraPOSTest.testCases.TC_UserManagementDDT" name="addUserManagementDDT" time="0.021"/>
  <system-out/>
  <testcase classname="com.extraPOSTest.testCases.TC_UserManagementDDT" name="addUserManagementDDT" time="0.018"/>
  <system-out/>
  <testcase classname="com.extraPOSTest.testCases.TC_UserManagementDDT" name="addUserManagementDDT" time="0.021"/>
  <system-out/>
  <testcase classname="com.extraPOSTest.testCases.TC_UserManagementDDT" name="addUserManagementDDT" time="2.612"/>
  <system-out/>
  <testcase classname="com.extraPOSTest.testCases.TC_UserManagementDDT" name="addUserManagementDDT" time="0.024"/>
  <system-out/>
  <testcase classname="com.extraPOSTest.testCases.TC_UserManagementDDT" name="addUserManagementDDT" time="0.021"/>
  <system-out/>
  <testcase classname="com.extraPOSTest.testCases.TC_UserManagementDDT" name="addUserManagementDDT" time="0.027"/>
  <system-out/>
  <testcase classname="com.extraPOSTest.testCases.TC_UserManagementDDT" name="addUserManagementDDT" time="0.024"/>
  <system-out/>
  <testcase classname="com.extraPOSTest.testCases.TC_UserManagementDDT" name="addUserManagementDDT" time="0.021"/>
  <system-out/>
  <testcase classname="com.extraPOSTest.testCases.TC_UserManagementDDT" name="addUserManagementDDT" time="4.720"/>
  <system-out/>
  <testcase classname="com.extraPOSTest.testCases.TC_UserManagementDDT" name="addUserManagementDDT" time="0.020"/>
  <system-out/>
</testsuite> <!-- com.extraPOSTest.testCases.TC_UserManagementDDT -->
