<?xml version="1.0" encoding="UTF-8"?>
<!-- Generated by org.testng.reporters.JUnitReportReporter -->
<testsuite hostname="LAPTOP-VKAG1RPA" failures="0" tests="13" name="com.extraPOSTest.testCases.TC_UserManagement" time="3.211" errors="0" timestamp="2021-01-02T08:18:53 IST" skipped="0">
  <testcase classname="com.extraPOSTest.testCases.TC_UserManagement" name="befrmthd" time="3.198"/>
  <system-out/>
  <testcase classname="com.extraPOSTest.testCases.TC_UserManagement" name="userCreationDDT" time="0.001"/>
  <system-out/>
  <testcase classname="com.extraPOSTest.testCases.TC_UserManagement" name="userCreationDDT" time="0.001"/>
  <system-out/>
  <testcase classname="com.extraPOSTest.testCases.TC_UserManagement" name="userCreationDDT" time="0.001"/>
  <system-out/>
  <testcase classname="com.extraPOSTest.testCases.TC_UserManagement" name="userCreationDDT" time="0.001"/>
  <system-out/>
  <testcase classname="com.extraPOSTest.testCases.TC_UserManagement" name="userCreationDDT" time="0.001"/>
  <system-out/>
  <testcase classname="com.extraPOSTest.testCases.TC_UserManagement" name="userCreationDDT" time="0.001"/>
  <system-out/>
  <testcase classname="com.extraPOSTest.testCases.TC_UserManagement" name="userCreationDDT" time="0.002"/>
  <system-out/>
  <testcase classname="com.extraPOSTest.testCases.TC_UserManagement" name="userCreationDDT" time="0.002"/>
  <system-out/>
  <testcase classname="com.extraPOSTest.testCases.TC_UserManagement" name="userCreationDDT" time="0.001"/>
  <system-out/>
  <testcase classname="com.extraPOSTest.testCases.TC_UserManagement" name="userCreationDDT" time="0.001"/>
  <system-out/>
  <testcase classname="com.extraPOSTest.testCases.TC_UserManagement" name="userCreationDDT" time="0.000"/>
  <system-out/>
  <testcase classname="com.extraPOSTest.testCases.TC_UserManagement" name="userCreationDDT" time="0.001"/>
  <system-out/>
</testsuite> <!-- com.extraPOSTest.testCases.TC_UserManagement -->
