<?xml version="1.0" encoding="UTF-8"?>
<!-- Generated by org.testng.reporters.JUnitReportReporter -->
<testsuite hostname="LAPTOP-VKAG1RPA" failures="0" tests="30" name="com.extraPOSTest.testCases.security.TC_UserManagementDDT" time="343.894" errors="0" timestamp="2021-01-18T11:23:33 IST" skipped="0">
  <testcase classname="com.extraPOSTest.testCases.security.TC_UserManagementDDT" name="clickSelectAll" time="6.295"/>
  <system-out/>
  <testcase classname="com.extraPOSTest.testCases.security.TC_UserManagementDDT" name="addUserManagementDDT" time="22.125"/>
  <system-out/>
  <testcase classname="com.extraPOSTest.testCases.security.TC_UserManagementDDT" name="addUserManagementDDT" time="3.156"/>
  <system-out/>
  <testcase classname="com.extraPOSTest.testCases.security.TC_UserManagementDDT" name="addUserManagementDDT" time="0.293"/>
  <system-out/>
  <testcase classname="com.extraPOSTest.testCases.security.TC_UserManagementDDT" name="addUserManagementDDT" time="22.047"/>
  <system-out/>
  <testcase classname="com.extraPOSTest.testCases.security.TC_UserManagementDDT" name="addUserManagementDDT" time="0.304"/>
  <system-out/>
  <testcase classname="com.extraPOSTest.testCases.security.TC_UserManagementDDT" name="addUserManagementDDT" time="22.330"/>
  <system-out/>
  <testcase classname="com.extraPOSTest.testCases.security.TC_UserManagementDDT" name="addUserManagementDDT" time="22.101"/>
  <system-out/>
  <testcase classname="com.extraPOSTest.testCases.security.TC_UserManagementDDT" name="addUserManagementDDT" time="0.313"/>
  <system-out/>
  <testcase classname="com.extraPOSTest.testCases.security.TC_UserManagementDDT" name="addUserManagementDDT" time="22.311"/>
  <system-out/>
  <testcase classname="com.extraPOSTest.testCases.security.TC_UserManagementDDT" name="addUserManagementDDT" time="21.761"/>
  <system-out/>
  <testcase classname="com.extraPOSTest.testCases.security.TC_UserManagementDDT" name="addUserManagementDDT" time="22.216"/>
  <system-out/>
  <testcase classname="com.extraPOSTest.testCases.security.TC_UserManagementDDT" name="addUserManagementDDT" time="22.332"/>
  <system-out/>
  <testcase classname="com.extraPOSTest.testCases.security.TC_UserManagementDDT" name="addUserManagementDDT" time="21.832"/>
  <system-out/>
  <testcase classname="com.extraPOSTest.testCases.security.TC_UserManagementDDT" name="addUserManagementDDT" time="21.961"/>
  <system-out/>
  <testcase classname="com.extraPOSTest.testCases.security.TC_UserManagementDDT" name="addUserManagementDDT" time="22.332"/>
  <system-out/>
  <testcase classname="com.extraPOSTest.testCases.security.TC_UserManagementDDT" name="addUserManagementDDT" time="0.315"/>
  <system-out/>
  <testcase classname="com.extraPOSTest.testCases.security.TC_UserManagementDDT" name="addUserManagementDDT" time="22.418"/>
  <system-out/>
  <testcase classname="com.extraPOSTest.testCases.security.TC_UserManagementDDT" name="addUserManagementDDT" time="24.294"/>
  <system-out/>
  <testcase classname="com.extraPOSTest.testCases.security.TC_UserManagementDDT" name="addUserManagementDDT" time="2.827"/>
  <system-out/>
  <testcase classname="com.extraPOSTest.testCases.security.TC_UserManagementDDT" name="addUserManagementDDT" time="22.008"/>
  <system-out/>
  <testcase classname="com.extraPOSTest.testCases.security.TC_UserManagementDDT" name="addUserManagementDDT" time="2.968"/>
  <system-out/>
  <testcase classname="com.extraPOSTest.testCases.security.TC_UserManagementDDT" name="addUserManagementDDT" time="3.109"/>
  <system-out/>
  <testcase classname="com.extraPOSTest.testCases.security.TC_UserManagementDDT" name="printExcel" time="0.979"/>
  <system-out/>
  <testcase classname="com.extraPOSTest.testCases.security.TC_UserManagementDDT" name="addUserManagementDDT" time="2.647"/>
  <system-out/>
  <testcase classname="com.extraPOSTest.testCases.security.TC_UserManagementDDT" name="addUserManagementDDT" time="0.300"/>
  <system-out/>
  <testcase classname="com.extraPOSTest.testCases.security.TC_UserManagementDDT" name="addUserManagementDDT" time="2.841"/>
  <system-out/>
  <testcase classname="com.extraPOSTest.testCases.security.TC_UserManagementDDT" name="addUserManagementDDT" time="0.341"/>
  <system-out/>
  <testcase classname="com.extraPOSTest.testCases.security.TC_UserManagementDDT" name="addUserManagementDDT" time="4.825"/>
  <system-out/>
  <testcase classname="com.extraPOSTest.testCases.security.TC_UserManagementDDT" name="addUserManagementDDT" time="0.313"/>
  <system-out/>
</testsuite> <!-- com.extraPOSTest.testCases.security.TC_UserManagementDDT -->
