<?xml version="1.0" encoding="UTF-8"?>
<!-- Generated by org.testng.reporters.JUnitReportReporter -->
<testsuite hostname="LAPTOP-VKAG1RPA" failures="0" tests="9" name="com.extraPOSTest.testCases.systemAdministration.TC_BranchDDT" time="34.494" errors="0" timestamp="2021-01-14T12:50:23 IST" skipped="0">
  <testcase classname="com.extraPOSTest.testCases.systemAdministration.TC_BranchDDT" name="clickSelectAll" time="3.962"/>
  <system-out/>
  <testcase classname="com.extraPOSTest.testCases.systemAdministration.TC_BranchDDT" name="branchCreate" time="7.652"/>
  <system-out/>
  <testcase classname="com.extraPOSTest.testCases.systemAdministration.TC_BranchDDT" name="branchCreate" time="4.930"/>
  <system-out/>
  <testcase classname="com.extraPOSTest.testCases.systemAdministration.TC_BranchDDT" name="branchCreate" time="3.539"/>
  <system-out/>
  <testcase classname="com.extraPOSTest.testCases.systemAdministration.TC_BranchDDT" name="branchCreate" time="3.828"/>
  <system-out/>
  <testcase classname="com.extraPOSTest.testCases.systemAdministration.TC_BranchDDT" name="branchCreate" time="2.655"/>
  <system-out/>
  <testcase classname="com.extraPOSTest.testCases.systemAdministration.TC_BranchDDT" name="branchCreate" time="4.150"/>
  <system-out/>
  <testcase classname="com.extraPOSTest.testCases.systemAdministration.TC_BranchDDT" name="branchCreate" time="3.209"/>
  <system-out/>
  <testcase classname="com.extraPOSTest.testCases.systemAdministration.TC_BranchDDT" name="printExcel" time="0.569"/>
  <system-out/>
</testsuite> <!-- com.extraPOSTest.testCases.systemAdministration.TC_BranchDDT -->
