<?xml version="1.0" encoding="UTF-8"?>
<!-- Generated by org.testng.reporters.JUnitReportReporter -->
<testsuite hostname="LAPTOP-VKAG1RPA" failures="0" tests="1" name="com.extraPOSTest.testCases.TC_Login" time="11.935" errors="0" timestamp="2021-01-02T07:58:36 IST" skipped="0">
  <testcase classname="com.extraPOSTest.testCases.TC_Login" name="loginTest" time="11.935"/>
  <system-out/>
</testsuite> <!-- com.extraPOSTest.testCases.TC_Login -->
