<?xml version="1.0" encoding="UTF-8"?>
<!-- Generated by org.testng.reporters.JUnitReportReporter -->
<testsuite hostname="LAPTOP-VKAG1RPA" failures="0" tests="6" name="com.extraPOSTest.testCases.inventory.maintenance.TC_Category_Add" time="17.166" errors="0" timestamp="2021-01-28T19:06:52 IST" skipped="2">
  <testcase classname="com.extraPOSTest.testCases.inventory.maintenance.TC_Category_Add" name="selectALL_forCategoryCode" time="4.949"/>
  <system-out/>
  <testcase classname="com.extraPOSTest.testCases.inventory.maintenance.TC_Category_Add" name="addTwoSameCategoryCode" time="3.551"/>
  <system-out/>
  <testcase classname="com.extraPOSTest.testCases.inventory.maintenance.TC_Category_Add" name="addTwoSameCategoryCode" time="4.876"/>
  <system-out/>
  <testcase classname="com.extraPOSTest.testCases.inventory.maintenance.TC_Category_Add" name="saveTwoCategoryCode" time="3.790"/>
  <system-out/>
  <testcase classname="com.extraPOSTest.testCases.inventory.maintenance.TC_Category_Add" name="createCategoryCode">
    <skipped/>
  </testcase> <!-- createCategoryCode -->
  <system-out/>
  <testcase classname="com.extraPOSTest.testCases.inventory.maintenance.TC_Category_Add" name="saveCategoryCode">
    <skipped/>
  </testcase> <!-- saveCategoryCode -->
  <system-out/>
</testsuite> <!-- com.extraPOSTest.testCases.inventory.maintenance.TC_Category_Add -->
