<?xml version="1.0" encoding="UTF-8"?>
<!-- Generated by org.testng.reporters.JUnitReportReporter -->
<testsuite hostname="LAPTOP-VKAG1RPA" failures="0" tests="8" name="com.extraPOSTest.testCases.xxx" time="98.732" errors="0" timestamp="2021-01-08T10:12:41 IST" skipped="0">
  <testcase classname="com.extraPOSTest.testCases.xxx" name="LoginMethod_UsrMgmntDDT" time="15.366"/>
  <system-out/>
  <testcase classname="com.extraPOSTest.testCases.xxx" name="addUserManagementDDT" time="10.192"/>
  <system-out/>
  <testcase classname="com.extraPOSTest.testCases.xxx" name="addUserManagementDDT" time="10.320"/>
  <system-out/>
  <testcase classname="com.extraPOSTest.testCases.xxx" name="addUserManagementDDT" time="14.613"/>
  <system-out/>
  <testcase classname="com.extraPOSTest.testCases.xxx" name="addUserManagementDDT" time="9.802"/>
  <system-out/>
  <testcase classname="com.extraPOSTest.testCases.xxx" name="addUserManagementDDT" time="18.636"/>
  <system-out/>
  <testcase classname="com.extraPOSTest.testCases.xxx" name="addUserManagementDDT" time="9.929"/>
  <system-out/>
  <testcase classname="com.extraPOSTest.testCases.xxx" name="addUserManagementDDT" time="9.874"/>
  <system-out/>
</testsuite> <!-- com.extraPOSTest.testCases.xxx -->
