<?xml version="1.0" encoding="UTF-8"?>
<!-- Generated by org.testng.reporters.JUnitReportReporter -->
<testsuite hostname="LAPTOP-VKAG1RPA" failures="0" tests="2" name="com.extraPOSTest.testCases.inventory.maintenance.TC_LOV_Add" time="5.940" errors="0" timestamp="2021-01-28T15:54:51 IST" skipped="0">
  <testcase classname="com.extraPOSTest.testCases.inventory.maintenance.TC_LOV_Add" name="selectALL_forLineCode" time="4.626"/>
  <system-out/>
  <testcase classname="com.extraPOSTest.testCases.inventory.maintenance.TC_LOV_Add" name="createLOVCode" time="1.314"/>
  <system-out/>
</testsuite> <!-- com.extraPOSTest.testCases.inventory.maintenance.TC_LOV_Add -->
