<?xml version="1.0" encoding="UTF-8"?>
<!-- Generated by org.testng.reporters.JUnitReportReporter -->
<testsuite hostname="LAPTOP-VKAG1RPA" failures="0" tests="6" name="com.extraPOSTest.testCases.inventory.maintenance.TC_Brand_Add" time="14.114" errors="0" timestamp="2021-01-21T15:40:57 IST" skipped="0">
  <testcase classname="com.extraPOSTest.testCases.inventory.maintenance.TC_Brand_Add" name="selectALL_forBrandCode" time="4.506"/>
  <system-out/>
  <testcase classname="com.extraPOSTest.testCases.inventory.maintenance.TC_Brand_Add" name="createSubCategoryCode" time="0.876"/>
  <system-out/>
  <testcase classname="com.extraPOSTest.testCases.inventory.maintenance.TC_Brand_Add" name="createSubCategoryCode" time="3.343"/>
  <system-out/>
  <testcase classname="com.extraPOSTest.testCases.inventory.maintenance.TC_Brand_Add" name="createSubCategoryCode" time="0.706"/>
  <system-out/>
  <testcase classname="com.extraPOSTest.testCases.inventory.maintenance.TC_Brand_Add" name="createSubCategoryCode" time="0.724"/>
  <system-out/>
  <testcase classname="com.extraPOSTest.testCases.inventory.maintenance.TC_Brand_Add" name="saveCategoryCode" time="3.959"/>
  <system-out/>
</testsuite> <!-- com.extraPOSTest.testCases.inventory.maintenance.TC_Brand_Add -->
