<?xml version="1.0" encoding="UTF-8"?>
<!-- Generated by org.testng.reporters.JUnitReportReporter -->
<testsuite hostname="LAPTOP-VKAG1RPA" failures="0" tests="9" name="com.extraPOSTest.testCases.systemAdministration.TC_BranchDDT_Add" time="24.472" errors="0" timestamp="2021-01-18T11:23:33 IST" skipped="0">
  <testcase classname="com.extraPOSTest.testCases.systemAdministration.TC_BranchDDT_Add" name="clickSelectAll" time="4.256"/>
  <system-out/>
  <testcase classname="com.extraPOSTest.testCases.systemAdministration.TC_BranchDDT_Add" name="branchCreate" time="2.665"/>
  <system-out/>
  <testcase classname="com.extraPOSTest.testCases.systemAdministration.TC_BranchDDT_Add" name="branchCreate" time="3.248"/>
  <system-out/>
  <testcase classname="com.extraPOSTest.testCases.systemAdministration.TC_BranchDDT_Add" name="branchCreate" time="3.843"/>
  <system-out/>
  <testcase classname="com.extraPOSTest.testCases.systemAdministration.TC_BranchDDT_Add" name="branchCreate" time="2.901"/>
  <system-out/>
  <testcase classname="com.extraPOSTest.testCases.systemAdministration.TC_BranchDDT_Add" name="branchCreate" time="4.278"/>
  <system-out/>
  <testcase classname="com.extraPOSTest.testCases.systemAdministration.TC_BranchDDT_Add" name="branchCreate" time="3.018"/>
  <system-out/>
  <testcase classname="com.extraPOSTest.testCases.systemAdministration.TC_BranchDDT_Add" name="branchCreate" time="0.027"/>
  <system-out/>
  <testcase classname="com.extraPOSTest.testCases.systemAdministration.TC_BranchDDT_Add" name="printExcel" time="0.236"/>
  <system-out/>
</testsuite> <!-- com.extraPOSTest.testCases.systemAdministration.TC_BranchDDT_Add -->
