<?xml version="1.0" encoding="UTF-8"?>
<!-- Generated by org.testng.reporters.JUnitReportReporter -->
<testsuite hostname="LAPTOP-VKAG1RPA" failures="0" tests="4" name="com.extraPOSTest.testCases.inventory.maintenance.TC_UoM" time="17.850" errors="0" timestamp="2021-03-10T12:12:55 IST" skipped="1">
  <testcase classname="com.extraPOSTest.testCases.inventory.maintenance.TC_UoM" name="selectALL_forUomCode" time="6.480"/>
  <system-out/>
  <testcase classname="com.extraPOSTest.testCases.inventory.maintenance.TC_UoM" name="createUomCode" time="6.271"/>
  <system-out/>
  <testcase classname="com.extraPOSTest.testCases.inventory.maintenance.TC_UoM" name="createUomCode" time="5.099"/>
  <system-out/>
  <testcase classname="com.extraPOSTest.testCases.inventory.maintenance.TC_UoM" name="searchUom">
    <skipped/>
  </testcase> <!-- searchUom -->
  <system-out/>
</testsuite> <!-- com.extraPOSTest.testCases.inventory.maintenance.TC_UoM -->
